<?xml version="1.0" encoding="UTF-8" ?>
<testsuite tests="52" failures="0" name="SARJ.BookingSystem.ControllerTest" time="0.355" errors="0" skipped="0">
  <properties>
[...]
</properties>
  <testcase classname="SARJ.BookingSystem.ControllerTest" name="getEmployeeBookingAvailability01" time="0.004"/>
  <testcase classname="SARJ.BookingSystem.ControllerTest" name="getEmployeeBookingAvailability02" time="0.003"/>
  <testcase classname="SARJ.BookingSystem.ControllerTest" name="getEmployeeBookingAvailability03" time="0.003"/>
  <testcase classname="SARJ.BookingSystem.ControllerTest" name="getWorkingTimes01" time="0.006"/>
  <testcase classname="SARJ.BookingSystem.ControllerTest" name="getWorkingTimes02" time="0"/>
  <testcase classname="SARJ.BookingSystem.ControllerTest" name="getWorkingTimes03" time="0"/>
  <testcase classname="SARJ.BookingSystem.ControllerTest" name="getWorkingTimes04" time="0.002"/>
  <testcase classname="SARJ.BookingSystem.ControllerTest" name="getWorkingTimes05" time="0.003"/>
  <testcase classname="SARJ.BookingSystem.ControllerTest" name="addEmployeeTest01" time="0.019"/>
  <testcase classname="SARJ.BookingSystem.ControllerTest" name="addEmployeeTest02" time="0.002"/>
  <testcase classname="SARJ.BookingSystem.ControllerTest" name="addEmployeeTest03" time="0.002"/>
  <testcase classname="SARJ.BookingSystem.ControllerTest" name="addEmployeeTest04" time="0.001"/>
  <testcase classname="SARJ.BookingSystem.ControllerTest" name="addEmployeeTest05" time="0.001"/>
  <testcase classname="SARJ.BookingSystem.ControllerTest" name="addEmployeeTest06" time="0.024"/>
  <testcase classname="SARJ.BookingSystem.ControllerTest" name="registerTest01" time="0"/>
  <testcase classname="SARJ.BookingSystem.ControllerTest" name="registerTest02" time="0.002"/>
  <testcase classname="SARJ.BookingSystem.ControllerTest" name="registerTest03" time="0.002"/>
  <testcase classname="SARJ.BookingSystem.ControllerTest" name="registerTest04" time="0.021"/>
  <testcase classname="SARJ.BookingSystem.ControllerTest" name="registerTest05" time="0.005"/>
  <testcase classname="SARJ.BookingSystem.ControllerTest" name="registerTest06" time="0.002"/>
  <testcase classname="SARJ.BookingSystem.ControllerTest" name="addWorkingTime01" time="0.006"/>
  <testcase classname="SARJ.BookingSystem.ControllerTest" name="addWorkingTime02" time="0.001"/>
  <testcase classname="SARJ.BookingSystem.ControllerTest" name="addWorkingTime03" time="0"/>
  <testcase classname="SARJ.BookingSystem.ControllerTest" name="addWorkingTime04" time="0.017"/>
  <testcase classname="SARJ.BookingSystem.ControllerTest" name="removeBookings01" time="0.003"/>
  <testcase classname="SARJ.BookingSystem.ControllerTest" name="removeBookings02" time="0.017"/>
  <testcase classname="SARJ.BookingSystem.ControllerTest" name="removeBookings03" time="0.019"/>
  <testcase classname="SARJ.BookingSystem.ControllerTest" name="removeBookings04" time="0.007"/>
  <testcase classname="SARJ.BookingSystem.ControllerTest" name="removeBookings05" time="0.017"/>
  <testcase classname="SARJ.BookingSystem.ControllerTest" name="addService01" time="0.003"/>
  <testcase classname="SARJ.BookingSystem.ControllerTest" name="addService02" time="0.002"/>
  <testcase classname="SARJ.BookingSystem.ControllerTest" name="addService03" time="0.002"/>
  <testcase classname="SARJ.BookingSystem.ControllerTest" name="addService04" time="0.001"/>
  <testcase classname="SARJ.BookingSystem.ControllerTest" name="addService05" time="0.019"/>
  <testcase classname="SARJ.BookingSystem.ControllerTest" name="addService06" time="0.004"/>
  <testcase classname="SARJ.BookingSystem.ControllerTest" name="addNewBooking01" time="0.019"/>
  <testcase classname="SARJ.BookingSystem.ControllerTest" name="addNewBooking02" time="0.004"/>
  <testcase classname="SARJ.BookingSystem.ControllerTest" name="addNewBooking03" time="0.003"/>
  <testcase classname="SARJ.BookingSystem.ControllerTest" name="addNewBooking04" time="0.019"/>
  <testcase classname="SARJ.BookingSystem.ControllerTest" name="addNewBooking05" time="0.003"/>
  <testcase classname="SARJ.BookingSystem.ControllerTest" name="addNewBooking06" time="0.02"/>
  <testcase classname="SARJ.BookingSystem.ControllerTest" name="getEmployeeList01" time="0.005"/>
  <testcase classname="SARJ.BookingSystem.ControllerTest" name="getSummaryOfBookings01" time="0.002"/>
  <testcase classname="SARJ.BookingSystem.ControllerTest" name="getCurrentBookings01" time="0.003"/>
  <testcase classname="SARJ.BookingSystem.ControllerTest" name="getCurrentBookings02" time="0.019"/>
  <testcase classname="SARJ.BookingSystem.ControllerTest" name="loginTest01" time="0.01"/>
  <testcase classname="SARJ.BookingSystem.ControllerTest" name="loginTest02" time="0.011"/>
  <testcase classname="SARJ.BookingSystem.ControllerTest" name="loginTest03" time="0.004"/>
  <testcase classname="SARJ.BookingSystem.ControllerTest" name="loginTest04" time="0.004"/>
  <testcase classname="SARJ.BookingSystem.ControllerTest" name="loginTest05" time="0.009"/>
  <testcase classname="SARJ.BookingSystem.ControllerTest" name="getCustomerList01" time="0"/>
  <testcase classname="SARJ.BookingSystem.ControllerTest" name="getServicesList01" time="0"/>
</testsuite>